<?xml version="1.0" encoding="UTF-8"?>
<testng-results skipped="0" failed="0" ignored="0" total="3" passed="3">
  <reporter-output>
  </reporter-output>
  <suite name="Default suite" duration-ms="4087" started-at="2022-05-01T12:22:14 IST" finished-at="2022-05-01T12:22:18 IST">
    <groups>
    </groups>
    <test name="Default test" duration-ms="4087" started-at="2022-05-01T12:22:14 IST" finished-at="2022-05-01T12:22:18 IST">
      <class name="tests.PutPatchDeleteExample">
        <test-method status="PASS" signature="testDelete()[pri:0, instance:tests.PutPatchDeleteExample@86be70a]" name="testDelete" duration-ms="3201" started-at="2022-05-01T12:22:14 IST" finished-at="2022-05-01T12:22:17 IST">
          <reporter-output>
          </reporter-output>
        </test-method> <!-- testDelete -->
        <test-method status="PASS" signature="testPatch()[pri:0, instance:tests.PutPatchDeleteExample@86be70a]" name="testPatch" duration-ms="564" started-at="2022-05-01T12:22:17 IST" finished-at="2022-05-01T12:22:18 IST">
          <reporter-output>
          </reporter-output>
        </test-method> <!-- testPatch -->
        <test-method status="PASS" signature="testPut()[pri:0, instance:tests.PutPatchDeleteExample@86be70a]" name="testPut" duration-ms="290" started-at="2022-05-01T12:22:18 IST" finished-at="2022-05-01T12:22:18 IST">
          <reporter-output>
          </reporter-output>
        </test-method> <!-- testPut -->
      </class> <!-- tests.PutPatchDeleteExample -->
    </test> <!-- Default test -->
  </suite> <!-- Default suite -->
</testng-results>
