<?xml version="1.0" encoding="UTF-8"?>
<!-- Generated by org.testng.reporters.JUnitXMLReporter -->
<testsuite hostname="DESKTOP-Q425D5R" ignored="0" name="Default test" tests="3" failures="0" timestamp="2022-05-01T12:22:18 IST" time="4.087" errors="0">
  <testcase name="testDelete" time="3.201" classname="tests.PutPatchDeleteExample"/>
  <testcase name="testPatch" time="0.564" classname="tests.PutPatchDeleteExample"/>
  <testcase name="testPut" time="0.29" classname="tests.PutPatchDeleteExample"/>
</testsuite> <!-- Default test -->
